
**** Build of configuration Debug for project A2 ****

/opt/ti/ccsv7/utils/bin/gmake -k -j 4 all -O 
Building file: ../main.c
Invoking: ARM Compiler
"/opt/ti/ccsv7/tools/compiler/ti-cgt-arm_16.9.1.LTS/bin/armcl" -mv7M4 --code_state=16 --float_support=FPv4SPD16 -me --include_path="/home/spb278/engr-ece/Documents/CME331/A2" --include_path="/opt/ti/ccsv7/tools/compiler/ti-cgt-arm_16.9.1.LTS/include" --define=ccs="ccs" --define=PART_TM4C123GH6PM -g --gcc --diag_warning=225 --diag_wrap=off --display_error_number --abi=eabi --preproc_with_compile --preproc_dependency="main.d"  "../main.c"

>> Compilation failure
subdir_rules.mk:14: recipe for target 'main.obj' failed
"../main.c", line 63: error #29: expected an expression
"../main.c", line 83: error #29: expected an expression
"../main.c", line 91: error #29: expected an expression
3 errors detected in the compilation of "../main.c".
gmake: *** [main.obj] Error 1
gmake: Target 'all' not remade because of errors.

**** Build Finished ****
